CRITICAL - 2023-01-21 00:37:01 --> Undefined property: CodeIgniter\View\View::$session
#0 C:\Users\Alwi Fachri\Downloads\Compressed\login-register-CodeIgniter4-master\app\Views\shop.php(41): CodeIgniter\Debug\Exceptions->errorHandler(8, 'Undefined prope...', 'C:\\Users\\Alwi F...', 41, Array)
#1 C:\Users\Alwi Fachri\Downloads\Compressed\login-register-CodeIgniter4-master\system\View\View.php(246): include('C:\\Users\\Alwi F...')
#2 C:\Users\Alwi Fachri\Downloads\Compressed\login-register-CodeIgniter4-master\system\Common.php(1119): CodeIgniter\View\View->render('shop', Array, true)
#3 C:\Users\Alwi Fachri\Downloads\Compressed\login-register-CodeIgniter4-master\app\Controllers\Shop.php(26): view('shop', Array)
#4 C:\Users\Alwi Fachri\Downloads\Compressed\login-register-CodeIgniter4-master\system\CodeIgniter.php(918): App\Controllers\Shop->index()
#5 C:\Users\Alwi Fachri\Downloads\Compressed\login-register-CodeIgniter4-master\system\CodeIgniter.php(404): CodeIgniter\CodeIgniter->runController(Object(App\Controllers\Shop))
#6 C:\Users\Alwi Fachri\Downloads\Compressed\login-register-CodeIgniter4-master\system\CodeIgniter.php(312): CodeIgniter\CodeIgniter->handleRequest(NULL, Object(Config\Cache), false)
#7 C:\Users\Alwi Fachri\Downloads\Compressed\login-register-CodeIgniter4-master\public\index.php(45): CodeIgniter\CodeIgniter->run()
#8 C:\Users\Alwi Fachri\Downloads\Compressed\login-register-CodeIgniter4-master\system\Commands\Server\rewrite.php(34): require_once('C:\\Users\\Alwi F...')
#9 {main}
CRITICAL - 2023-01-21 00:37:04 --> Undefined property: CodeIgniter\View\View::$session
#0 C:\Users\Alwi Fachri\Downloads\Compressed\login-register-CodeIgniter4-master\app\Views\shop.php(41): CodeIgniter\Debug\Exceptions->errorHandler(8, 'Undefined prope...', 'C:\\Users\\Alwi F...', 41, Array)
#1 C:\Users\Alwi Fachri\Downloads\Compressed\login-register-CodeIgniter4-master\system\View\View.php(246): include('C:\\Users\\Alwi F...')
#2 C:\Users\Alwi Fachri\Downloads\Compressed\login-register-CodeIgniter4-master\system\Common.php(1119): CodeIgniter\View\View->render('shop', Array, true)
#3 C:\Users\Alwi Fachri\Downloads\Compressed\login-register-CodeIgniter4-master\app\Controllers\Shop.php(26): view('shop', Array)
#4 C:\Users\Alwi Fachri\Downloads\Compressed\login-register-CodeIgniter4-master\system\CodeIgniter.php(918): App\Controllers\Shop->index()
#5 C:\Users\Alwi Fachri\Downloads\Compressed\login-register-CodeIgniter4-master\system\CodeIgniter.php(404): CodeIgniter\CodeIgniter->runController(Object(App\Controllers\Shop))
#6 C:\Users\Alwi Fachri\Downloads\Compressed\login-register-CodeIgniter4-master\system\CodeIgniter.php(312): CodeIgniter\CodeIgniter->handleRequest(NULL, Object(Config\Cache), false)
#7 C:\Users\Alwi Fachri\Downloads\Compressed\login-register-CodeIgniter4-master\public\index.php(45): CodeIgniter\CodeIgniter->run()
#8 C:\Users\Alwi Fachri\Downloads\Compressed\login-register-CodeIgniter4-master\system\Commands\Server\rewrite.php(34): require_once('C:\\Users\\Alwi F...')
#9 {main}
CRITICAL - 2023-01-21 00:37:22 --> Undefined property: CodeIgniter\View\View::$session
#0 C:\Users\Alwi Fachri\Downloads\Compressed\login-register-CodeIgniter4-master\app\Views\shop.php(41): CodeIgniter\Debug\Exceptions->errorHandler(8, 'Undefined prope...', 'C:\\Users\\Alwi F...', 41, Array)
#1 C:\Users\Alwi Fachri\Downloads\Compressed\login-register-CodeIgniter4-master\system\View\View.php(246): include('C:\\Users\\Alwi F...')
#2 C:\Users\Alwi Fachri\Downloads\Compressed\login-register-CodeIgniter4-master\system\Common.php(1119): CodeIgniter\View\View->render('shop', Array, true)
#3 C:\Users\Alwi Fachri\Downloads\Compressed\login-register-CodeIgniter4-master\app\Controllers\Shop.php(26): view('shop', Array)
#4 C:\Users\Alwi Fachri\Downloads\Compressed\login-register-CodeIgniter4-master\system\CodeIgniter.php(918): App\Controllers\Shop->index()
#5 C:\Users\Alwi Fachri\Downloads\Compressed\login-register-CodeIgniter4-master\system\CodeIgniter.php(404): CodeIgniter\CodeIgniter->runController(Object(App\Controllers\Shop))
#6 C:\Users\Alwi Fachri\Downloads\Compressed\login-register-CodeIgniter4-master\system\CodeIgniter.php(312): CodeIgniter\CodeIgniter->handleRequest(NULL, Object(Config\Cache), false)
#7 C:\Users\Alwi Fachri\Downloads\Compressed\login-register-CodeIgniter4-master\public\index.php(45): CodeIgniter\CodeIgniter->run()
#8 C:\Users\Alwi Fachri\Downloads\Compressed\login-register-CodeIgniter4-master\system\Commands\Server\rewrite.php(34): require_once('C:\\Users\\Alwi F...')
#9 {main}
CRITICAL - 2023-01-21 00:37:23 --> Undefined property: CodeIgniter\View\View::$session
#0 C:\Users\Alwi Fachri\Downloads\Compressed\login-register-CodeIgniter4-master\app\Views\shop.php(41): CodeIgniter\Debug\Exceptions->errorHandler(8, 'Undefined prope...', 'C:\\Users\\Alwi F...', 41, Array)
#1 C:\Users\Alwi Fachri\Downloads\Compressed\login-register-CodeIgniter4-master\system\View\View.php(246): include('C:\\Users\\Alwi F...')
#2 C:\Users\Alwi Fachri\Downloads\Compressed\login-register-CodeIgniter4-master\system\Common.php(1119): CodeIgniter\View\View->render('shop', Array, true)
#3 C:\Users\Alwi Fachri\Downloads\Compressed\login-register-CodeIgniter4-master\app\Controllers\Shop.php(26): view('shop', Array)
#4 C:\Users\Alwi Fachri\Downloads\Compressed\login-register-CodeIgniter4-master\system\CodeIgniter.php(918): App\Controllers\Shop->index()
#5 C:\Users\Alwi Fachri\Downloads\Compressed\login-register-CodeIgniter4-master\system\CodeIgniter.php(404): CodeIgniter\CodeIgniter->runController(Object(App\Controllers\Shop))
#6 C:\Users\Alwi Fachri\Downloads\Compressed\login-register-CodeIgniter4-master\system\CodeIgniter.php(312): CodeIgniter\CodeIgniter->handleRequest(NULL, Object(Config\Cache), false)
#7 C:\Users\Alwi Fachri\Downloads\Compressed\login-register-CodeIgniter4-master\public\index.php(45): CodeIgniter\CodeIgniter->run()
#8 C:\Users\Alwi Fachri\Downloads\Compressed\login-register-CodeIgniter4-master\system\Commands\Server\rewrite.php(34): require_once('C:\\Users\\Alwi F...')
#9 {main}
CRITICAL - 2023-01-21 00:37:24 --> Undefined property: CodeIgniter\View\View::$session
#0 C:\Users\Alwi Fachri\Downloads\Compressed\login-register-CodeIgniter4-master\app\Views\shop.php(41): CodeIgniter\Debug\Exceptions->errorHandler(8, 'Undefined prope...', 'C:\\Users\\Alwi F...', 41, Array)
#1 C:\Users\Alwi Fachri\Downloads\Compressed\login-register-CodeIgniter4-master\system\View\View.php(246): include('C:\\Users\\Alwi F...')
#2 C:\Users\Alwi Fachri\Downloads\Compressed\login-register-CodeIgniter4-master\system\Common.php(1119): CodeIgniter\View\View->render('shop', Array, true)
#3 C:\Users\Alwi Fachri\Downloads\Compressed\login-register-CodeIgniter4-master\app\Controllers\Shop.php(26): view('shop', Array)
#4 C:\Users\Alwi Fachri\Downloads\Compressed\login-register-CodeIgniter4-master\system\CodeIgniter.php(918): App\Controllers\Shop->index()
#5 C:\Users\Alwi Fachri\Downloads\Compressed\login-register-CodeIgniter4-master\system\CodeIgniter.php(404): CodeIgniter\CodeIgniter->runController(Object(App\Controllers\Shop))
#6 C:\Users\Alwi Fachri\Downloads\Compressed\login-register-CodeIgniter4-master\system\CodeIgniter.php(312): CodeIgniter\CodeIgniter->handleRequest(NULL, Object(Config\Cache), false)
#7 C:\Users\Alwi Fachri\Downloads\Compressed\login-register-CodeIgniter4-master\public\index.php(45): CodeIgniter\CodeIgniter->run()
#8 C:\Users\Alwi Fachri\Downloads\Compressed\login-register-CodeIgniter4-master\system\Commands\Server\rewrite.php(34): require_once('C:\\Users\\Alwi F...')
#9 {main}
CRITICAL - 2023-01-21 00:41:59 --> Undefined variable: session
#0 C:\Users\Alwi Fachri\Downloads\Compressed\login-register-CodeIgniter4-master\app\Views\shop.php(41): CodeIgniter\Debug\Exceptions->errorHandler(8, 'Undefined varia...', 'C:\\Users\\Alwi F...', 41, Array)
#1 C:\Users\Alwi Fachri\Downloads\Compressed\login-register-CodeIgniter4-master\system\View\View.php(246): include('C:\\Users\\Alwi F...')
#2 C:\Users\Alwi Fachri\Downloads\Compressed\login-register-CodeIgniter4-master\system\Common.php(1119): CodeIgniter\View\View->render('shop', Array, true)
#3 C:\Users\Alwi Fachri\Downloads\Compressed\login-register-CodeIgniter4-master\app\Controllers\Shop.php(27): view('shop', Array)
#4 C:\Users\Alwi Fachri\Downloads\Compressed\login-register-CodeIgniter4-master\system\CodeIgniter.php(918): App\Controllers\Shop->index()
#5 C:\Users\Alwi Fachri\Downloads\Compressed\login-register-CodeIgniter4-master\system\CodeIgniter.php(404): CodeIgniter\CodeIgniter->runController(Object(App\Controllers\Shop))
#6 C:\Users\Alwi Fachri\Downloads\Compressed\login-register-CodeIgniter4-master\system\CodeIgniter.php(312): CodeIgniter\CodeIgniter->handleRequest(NULL, Object(Config\Cache), false)
#7 C:\Users\Alwi Fachri\Downloads\Compressed\login-register-CodeIgniter4-master\public\index.php(45): CodeIgniter\CodeIgniter->run()
#8 C:\Users\Alwi Fachri\Downloads\Compressed\login-register-CodeIgniter4-master\system\Commands\Server\rewrite.php(34): require_once('C:\\Users\\Alwi F...')
#9 {main}
CRITICAL - 2023-01-21 00:42:12 --> Undefined variable: session
#0 C:\Users\Alwi Fachri\Downloads\Compressed\login-register-CodeIgniter4-master\app\Views\shop.php(41): CodeIgniter\Debug\Exceptions->errorHandler(8, 'Undefined varia...', 'C:\\Users\\Alwi F...', 41, Array)
#1 C:\Users\Alwi Fachri\Downloads\Compressed\login-register-CodeIgniter4-master\system\View\View.php(246): include('C:\\Users\\Alwi F...')
#2 C:\Users\Alwi Fachri\Downloads\Compressed\login-register-CodeIgniter4-master\system\Common.php(1119): CodeIgniter\View\View->render('shop', Array, true)
#3 C:\Users\Alwi Fachri\Downloads\Compressed\login-register-CodeIgniter4-master\app\Controllers\Shop.php(27): view('shop', Array)
#4 C:\Users\Alwi Fachri\Downloads\Compressed\login-register-CodeIgniter4-master\system\CodeIgniter.php(918): App\Controllers\Shop->index()
#5 C:\Users\Alwi Fachri\Downloads\Compressed\login-register-CodeIgniter4-master\system\CodeIgniter.php(404): CodeIgniter\CodeIgniter->runController(Object(App\Controllers\Shop))
#6 C:\Users\Alwi Fachri\Downloads\Compressed\login-register-CodeIgniter4-master\system\CodeIgniter.php(312): CodeIgniter\CodeIgniter->handleRequest(NULL, Object(Config\Cache), false)
#7 C:\Users\Alwi Fachri\Downloads\Compressed\login-register-CodeIgniter4-master\public\index.php(45): CodeIgniter\CodeIgniter->run()
#8 C:\Users\Alwi Fachri\Downloads\Compressed\login-register-CodeIgniter4-master\system\Commands\Server\rewrite.php(34): require_once('C:\\Users\\Alwi F...')
#9 {main}
CRITICAL - 2023-01-21 00:46:44 --> Undefined variable: session
#0 C:\Users\Alwi Fachri\Downloads\Compressed\login-register-CodeIgniter4-master\app\Views\shop.php(41): CodeIgniter\Debug\Exceptions->errorHandler(8, 'Undefined varia...', 'C:\\Users\\Alwi F...', 41, Array)
#1 C:\Users\Alwi Fachri\Downloads\Compressed\login-register-CodeIgniter4-master\system\View\View.php(246): include('C:\\Users\\Alwi F...')
#2 C:\Users\Alwi Fachri\Downloads\Compressed\login-register-CodeIgniter4-master\system\Common.php(1119): CodeIgniter\View\View->render('shop', Array, true)
#3 C:\Users\Alwi Fachri\Downloads\Compressed\login-register-CodeIgniter4-master\app\Controllers\Shop.php(28): view('shop', Array)
#4 C:\Users\Alwi Fachri\Downloads\Compressed\login-register-CodeIgniter4-master\system\CodeIgniter.php(918): App\Controllers\Shop->index()
#5 C:\Users\Alwi Fachri\Downloads\Compressed\login-register-CodeIgniter4-master\system\CodeIgniter.php(404): CodeIgniter\CodeIgniter->runController(Object(App\Controllers\Shop))
#6 C:\Users\Alwi Fachri\Downloads\Compressed\login-register-CodeIgniter4-master\system\CodeIgniter.php(312): CodeIgniter\CodeIgniter->handleRequest(NULL, Object(Config\Cache), false)
#7 C:\Users\Alwi Fachri\Downloads\Compressed\login-register-CodeIgniter4-master\public\index.php(45): CodeIgniter\CodeIgniter->run()
#8 C:\Users\Alwi Fachri\Downloads\Compressed\login-register-CodeIgniter4-master\system\Commands\Server\rewrite.php(34): require_once('C:\\Users\\Alwi F...')
#9 {main}
CRITICAL - 2023-01-21 00:52:32 --> Illegal string offset 'user_name'
#0 C:\Users\Alwi Fachri\Downloads\Compressed\login-register-CodeIgniter4-master\app\Views\shop.php(41): CodeIgniter\Debug\Exceptions->errorHandler(2, 'Illegal string ...', 'C:\\Users\\Alwi F...', 41, Array)
#1 C:\Users\Alwi Fachri\Downloads\Compressed\login-register-CodeIgniter4-master\system\View\View.php(246): include('C:\\Users\\Alwi F...')
#2 C:\Users\Alwi Fachri\Downloads\Compressed\login-register-CodeIgniter4-master\system\Common.php(1119): CodeIgniter\View\View->render('shop', Array, true)
#3 C:\Users\Alwi Fachri\Downloads\Compressed\login-register-CodeIgniter4-master\app\Controllers\Shop.php(31): view('shop', Array)
#4 C:\Users\Alwi Fachri\Downloads\Compressed\login-register-CodeIgniter4-master\system\CodeIgniter.php(918): App\Controllers\Shop->index()
#5 C:\Users\Alwi Fachri\Downloads\Compressed\login-register-CodeIgniter4-master\system\CodeIgniter.php(404): CodeIgniter\CodeIgniter->runController(Object(App\Controllers\Shop))
#6 C:\Users\Alwi Fachri\Downloads\Compressed\login-register-CodeIgniter4-master\system\CodeIgniter.php(312): CodeIgniter\CodeIgniter->handleRequest(NULL, Object(Config\Cache), false)
#7 C:\Users\Alwi Fachri\Downloads\Compressed\login-register-CodeIgniter4-master\public\index.php(45): CodeIgniter\CodeIgniter->run()
#8 C:\Users\Alwi Fachri\Downloads\Compressed\login-register-CodeIgniter4-master\system\Commands\Server\rewrite.php(34): require_once('C:\\Users\\Alwi F...')
#9 {main}
CRITICAL - 2023-01-21 00:52:38 --> Illegal string offset 'user_name'
#0 C:\Users\Alwi Fachri\Downloads\Compressed\login-register-CodeIgniter4-master\app\Views\shop.php(41): CodeIgniter\Debug\Exceptions->errorHandler(2, 'Illegal string ...', 'C:\\Users\\Alwi F...', 41, Array)
#1 C:\Users\Alwi Fachri\Downloads\Compressed\login-register-CodeIgniter4-master\system\View\View.php(246): include('C:\\Users\\Alwi F...')
#2 C:\Users\Alwi Fachri\Downloads\Compressed\login-register-CodeIgniter4-master\system\Common.php(1119): CodeIgniter\View\View->render('shop', Array, true)
#3 C:\Users\Alwi Fachri\Downloads\Compressed\login-register-CodeIgniter4-master\app\Controllers\Shop.php(31): view('shop', Array)
#4 C:\Users\Alwi Fachri\Downloads\Compressed\login-register-CodeIgniter4-master\system\CodeIgniter.php(918): App\Controllers\Shop->index()
#5 C:\Users\Alwi Fachri\Downloads\Compressed\login-register-CodeIgniter4-master\system\CodeIgniter.php(404): CodeIgniter\CodeIgniter->runController(Object(App\Controllers\Shop))
#6 C:\Users\Alwi Fachri\Downloads\Compressed\login-register-CodeIgniter4-master\system\CodeIgniter.php(312): CodeIgniter\CodeIgniter->handleRequest(NULL, Object(Config\Cache), false)
#7 C:\Users\Alwi Fachri\Downloads\Compressed\login-register-CodeIgniter4-master\public\index.php(45): CodeIgniter\CodeIgniter->run()
#8 C:\Users\Alwi Fachri\Downloads\Compressed\login-register-CodeIgniter4-master\system\Commands\Server\rewrite.php(34): require_once('C:\\Users\\Alwi F...')
#9 {main}
CRITICAL - 2023-01-21 00:52:49 --> Illegal string offset 'user_name'
#0 C:\Users\Alwi Fachri\Downloads\Compressed\login-register-CodeIgniter4-master\app\Views\shop.php(41): CodeIgniter\Debug\Exceptions->errorHandler(2, 'Illegal string ...', 'C:\\Users\\Alwi F...', 41, Array)
#1 C:\Users\Alwi Fachri\Downloads\Compressed\login-register-CodeIgniter4-master\system\View\View.php(246): include('C:\\Users\\Alwi F...')
#2 C:\Users\Alwi Fachri\Downloads\Compressed\login-register-CodeIgniter4-master\system\Common.php(1119): CodeIgniter\View\View->render('shop', Array, true)
#3 C:\Users\Alwi Fachri\Downloads\Compressed\login-register-CodeIgniter4-master\app\Controllers\Shop.php(31): view('shop', Array)
#4 C:\Users\Alwi Fachri\Downloads\Compressed\login-register-CodeIgniter4-master\system\CodeIgniter.php(918): App\Controllers\Shop->index()
#5 C:\Users\Alwi Fachri\Downloads\Compressed\login-register-CodeIgniter4-master\system\CodeIgniter.php(404): CodeIgniter\CodeIgniter->runController(Object(App\Controllers\Shop))
#6 C:\Users\Alwi Fachri\Downloads\Compressed\login-register-CodeIgniter4-master\system\CodeIgniter.php(312): CodeIgniter\CodeIgniter->handleRequest(NULL, Object(Config\Cache), false)
#7 C:\Users\Alwi Fachri\Downloads\Compressed\login-register-CodeIgniter4-master\public\index.php(45): CodeIgniter\CodeIgniter->run()
#8 C:\Users\Alwi Fachri\Downloads\Compressed\login-register-CodeIgniter4-master\system\Commands\Server\rewrite.php(34): require_once('C:\\Users\\Alwi F...')
#9 {main}
CRITICAL - 2023-01-21 00:53:51 --> Call to undefined method CodeIgniter\Session\Session::getUser()
#0 C:\Users\Alwi Fachri\Downloads\Compressed\login-register-CodeIgniter4-master\system\CodeIgniter.php(918): App\Controllers\Shop->index()
#1 C:\Users\Alwi Fachri\Downloads\Compressed\login-register-CodeIgniter4-master\system\CodeIgniter.php(404): CodeIgniter\CodeIgniter->runController(Object(App\Controllers\Shop))
#2 C:\Users\Alwi Fachri\Downloads\Compressed\login-register-CodeIgniter4-master\system\CodeIgniter.php(312): CodeIgniter\CodeIgniter->handleRequest(NULL, Object(Config\Cache), false)
#3 C:\Users\Alwi Fachri\Downloads\Compressed\login-register-CodeIgniter4-master\public\index.php(45): CodeIgniter\CodeIgniter->run()
#4 C:\Users\Alwi Fachri\Downloads\Compressed\login-register-CodeIgniter4-master\system\Commands\Server\rewrite.php(34): require_once('C:\\Users\\Alwi F...')
#5 {main}
CRITICAL - 2023-01-21 01:36:25 --> Undefined index: user_name
#0 C:\Users\Alwi Fachri\Downloads\Compressed\login-register-CodeIgniter4-master\app\Views\profile.php(50): CodeIgniter\Debug\Exceptions->errorHandler(8, 'Undefined index...', 'C:\\Users\\Alwi F...', 50, Array)
#1 C:\Users\Alwi Fachri\Downloads\Compressed\login-register-CodeIgniter4-master\system\View\View.php(246): include('C:\\Users\\Alwi F...')
#2 C:\Users\Alwi Fachri\Downloads\Compressed\login-register-CodeIgniter4-master\system\Common.php(1119): CodeIgniter\View\View->render('profile', Array, true)
#3 C:\Users\Alwi Fachri\Downloads\Compressed\login-register-CodeIgniter4-master\app\Controllers\Profile.php(26): view('profile', Array)
#4 C:\Users\Alwi Fachri\Downloads\Compressed\login-register-CodeIgniter4-master\system\CodeIgniter.php(918): App\Controllers\Profile->index()
#5 C:\Users\Alwi Fachri\Downloads\Compressed\login-register-CodeIgniter4-master\system\CodeIgniter.php(404): CodeIgniter\CodeIgniter->runController(Object(App\Controllers\Profile))
#6 C:\Users\Alwi Fachri\Downloads\Compressed\login-register-CodeIgniter4-master\system\CodeIgniter.php(312): CodeIgniter\CodeIgniter->handleRequest(NULL, Object(Config\Cache), false)
#7 C:\Users\Alwi Fachri\Downloads\Compressed\login-register-CodeIgniter4-master\public\index.php(45): CodeIgniter\CodeIgniter->run()
#8 C:\Users\Alwi Fachri\Downloads\Compressed\login-register-CodeIgniter4-master\system\Commands\Server\rewrite.php(34): require_once('C:\\Users\\Alwi F...')
#9 {main}
CRITICAL - 2023-01-21 01:38:24 --> Undefined index: user_address
#0 C:\Users\Alwi Fachri\Downloads\Compressed\login-register-CodeIgniter4-master\app\Views\profile.php(58): CodeIgniter\Debug\Exceptions->errorHandler(8, 'Undefined index...', 'C:\\Users\\Alwi F...', 58, Array)
#1 C:\Users\Alwi Fachri\Downloads\Compressed\login-register-CodeIgniter4-master\system\View\View.php(246): include('C:\\Users\\Alwi F...')
#2 C:\Users\Alwi Fachri\Downloads\Compressed\login-register-CodeIgniter4-master\system\Common.php(1119): CodeIgniter\View\View->render('profile', Array, true)
#3 C:\Users\Alwi Fachri\Downloads\Compressed\login-register-CodeIgniter4-master\app\Controllers\Profile.php(26): view('profile', Array)
#4 C:\Users\Alwi Fachri\Downloads\Compressed\login-register-CodeIgniter4-master\system\CodeIgniter.php(918): App\Controllers\Profile->index()
#5 C:\Users\Alwi Fachri\Downloads\Compressed\login-register-CodeIgniter4-master\system\CodeIgniter.php(404): CodeIgniter\CodeIgniter->runController(Object(App\Controllers\Profile))
#6 C:\Users\Alwi Fachri\Downloads\Compressed\login-register-CodeIgniter4-master\system\CodeIgniter.php(312): CodeIgniter\CodeIgniter->handleRequest(NULL, Object(Config\Cache), false)
#7 C:\Users\Alwi Fachri\Downloads\Compressed\login-register-CodeIgniter4-master\public\index.php(45): CodeIgniter\CodeIgniter->run()
#8 C:\Users\Alwi Fachri\Downloads\Compressed\login-register-CodeIgniter4-master\system\Commands\Server\rewrite.php(34): require_once('C:\\Users\\Alwi F...')
#9 {main}
CRITICAL - 2023-01-21 01:52:52 --> Too few arguments to function App\Controllers\Profile::update(), 0 passed in C:\Users\Alwi Fachri\Downloads\Compressed\login-register-CodeIgniter4-master\system\CodeIgniter.php on line 918 and exactly 1 expected
#0 C:\Users\Alwi Fachri\Downloads\Compressed\login-register-CodeIgniter4-master\system\CodeIgniter.php(918): App\Controllers\Profile->update()
#1 C:\Users\Alwi Fachri\Downloads\Compressed\login-register-CodeIgniter4-master\system\CodeIgniter.php(404): CodeIgniter\CodeIgniter->runController(Object(App\Controllers\Profile))
#2 C:\Users\Alwi Fachri\Downloads\Compressed\login-register-CodeIgniter4-master\system\CodeIgniter.php(312): CodeIgniter\CodeIgniter->handleRequest(NULL, Object(Config\Cache), false)
#3 C:\Users\Alwi Fachri\Downloads\Compressed\login-register-CodeIgniter4-master\public\index.php(45): CodeIgniter\CodeIgniter->run()
#4 C:\Users\Alwi Fachri\Downloads\Compressed\login-register-CodeIgniter4-master\system\Commands\Server\rewrite.php(34): require_once('C:\\Users\\Alwi F...')
#5 {main}
CRITICAL - 2023-01-21 04:04:30 --> Class 'App\Models\TransModel' not found
#0 C:\Users\Alwi Fachri\Downloads\Compressed\login-register-CodeIgniter4-master\system\CodeIgniter.php(890): App\Controllers\Transaction->__construct()
#1 C:\Users\Alwi Fachri\Downloads\Compressed\login-register-CodeIgniter4-master\system\CodeIgniter.php(399): CodeIgniter\CodeIgniter->createController()
#2 C:\Users\Alwi Fachri\Downloads\Compressed\login-register-CodeIgniter4-master\system\CodeIgniter.php(312): CodeIgniter\CodeIgniter->handleRequest(NULL, Object(Config\Cache), false)
#3 C:\Users\Alwi Fachri\Downloads\Compressed\login-register-CodeIgniter4-master\public\index.php(45): CodeIgniter\CodeIgniter->run()
#4 C:\Users\Alwi Fachri\Downloads\Compressed\login-register-CodeIgniter4-master\system\Commands\Server\rewrite.php(34): require_once('C:\\Users\\Alwi F...')
#5 {main}
CRITICAL - 2023-01-21 04:51:04 --> Undefined index: product_name
#0 C:\Users\Alwi Fachri\Downloads\Compressed\login-register-CodeIgniter4-master\app\Views\orders.php(145): CodeIgniter\Debug\Exceptions->errorHandler(8, 'Undefined index...', 'C:\\Users\\Alwi F...', 145, Array)
#1 C:\Users\Alwi Fachri\Downloads\Compressed\login-register-CodeIgniter4-master\system\View\View.php(246): include('C:\\Users\\Alwi F...')
#2 C:\Users\Alwi Fachri\Downloads\Compressed\login-register-CodeIgniter4-master\system\Common.php(1119): CodeIgniter\View\View->render('orders', Array, true)
#3 C:\Users\Alwi Fachri\Downloads\Compressed\login-register-CodeIgniter4-master\app\Controllers\Orders.php(27): view('orders', Array)
#4 C:\Users\Alwi Fachri\Downloads\Compressed\login-register-CodeIgniter4-master\system\CodeIgniter.php(918): App\Controllers\Orders->index()
#5 C:\Users\Alwi Fachri\Downloads\Compressed\login-register-CodeIgniter4-master\system\CodeIgniter.php(404): CodeIgniter\CodeIgniter->runController(Object(App\Controllers\Orders))
#6 C:\Users\Alwi Fachri\Downloads\Compressed\login-register-CodeIgniter4-master\system\CodeIgniter.php(312): CodeIgniter\CodeIgniter->handleRequest(NULL, Object(Config\Cache), false)
#7 C:\Users\Alwi Fachri\Downloads\Compressed\login-register-CodeIgniter4-master\public\index.php(45): CodeIgniter\CodeIgniter->run()
#8 C:\Users\Alwi Fachri\Downloads\Compressed\login-register-CodeIgniter4-master\system\Commands\Server\rewrite.php(34): require_once('C:\\Users\\Alwi F...')
#9 {main}
CRITICAL - 2023-01-21 04:51:17 --> Undefined index: product_name
#0 C:\Users\Alwi Fachri\Downloads\Compressed\login-register-CodeIgniter4-master\app\Views\orders.php(145): CodeIgniter\Debug\Exceptions->errorHandler(8, 'Undefined index...', 'C:\\Users\\Alwi F...', 145, Array)
#1 C:\Users\Alwi Fachri\Downloads\Compressed\login-register-CodeIgniter4-master\system\View\View.php(246): include('C:\\Users\\Alwi F...')
#2 C:\Users\Alwi Fachri\Downloads\Compressed\login-register-CodeIgniter4-master\system\Common.php(1119): CodeIgniter\View\View->render('orders', Array, true)
#3 C:\Users\Alwi Fachri\Downloads\Compressed\login-register-CodeIgniter4-master\app\Controllers\Orders.php(27): view('orders', Array)
#4 C:\Users\Alwi Fachri\Downloads\Compressed\login-register-CodeIgniter4-master\system\CodeIgniter.php(918): App\Controllers\Orders->index()
#5 C:\Users\Alwi Fachri\Downloads\Compressed\login-register-CodeIgniter4-master\system\CodeIgniter.php(404): CodeIgniter\CodeIgniter->runController(Object(App\Controllers\Orders))
#6 C:\Users\Alwi Fachri\Downloads\Compressed\login-register-CodeIgniter4-master\system\CodeIgniter.php(312): CodeIgniter\CodeIgniter->handleRequest(NULL, Object(Config\Cache), false)
#7 C:\Users\Alwi Fachri\Downloads\Compressed\login-register-CodeIgniter4-master\public\index.php(45): CodeIgniter\CodeIgniter->run()
#8 C:\Users\Alwi Fachri\Downloads\Compressed\login-register-CodeIgniter4-master\system\Commands\Server\rewrite.php(34): require_once('C:\\Users\\Alwi F...')
#9 {main}
CRITICAL - 2023-01-21 05:20:04 --> Unknown column 'user.user_id' in 'on clause'
#0 C:\Users\Alwi Fachri\Downloads\Compressed\login-register-CodeIgniter4-master\system\Database\MySQLi\Connection.php(331): mysqli->query('SELECT *\nFROM `...')
#1 C:\Users\Alwi Fachri\Downloads\Compressed\login-register-CodeIgniter4-master\system\Database\BaseConnection.php(741): CodeIgniter\Database\MySQLi\Connection->execute('SELECT *\nFROM `...')
#2 C:\Users\Alwi Fachri\Downloads\Compressed\login-register-CodeIgniter4-master\system\Database\BaseConnection.php(669): CodeIgniter\Database\BaseConnection->simpleQuery('SELECT *\nFROM `...')
#3 C:\Users\Alwi Fachri\Downloads\Compressed\login-register-CodeIgniter4-master\system\Database\BaseBuilder.php(1860): CodeIgniter\Database\BaseConnection->query('SELECT *\nFROM `...', Array, false)
#4 C:\Users\Alwi Fachri\Downloads\Compressed\login-register-CodeIgniter4-master\app\Controllers\Orders.php(25): CodeIgniter\Database\BaseBuilder->get()
#5 C:\Users\Alwi Fachri\Downloads\Compressed\login-register-CodeIgniter4-master\system\CodeIgniter.php(918): App\Controllers\Orders->index()
#6 C:\Users\Alwi Fachri\Downloads\Compressed\login-register-CodeIgniter4-master\system\CodeIgniter.php(404): CodeIgniter\CodeIgniter->runController(Object(App\Controllers\Orders))
#7 C:\Users\Alwi Fachri\Downloads\Compressed\login-register-CodeIgniter4-master\system\CodeIgniter.php(312): CodeIgniter\CodeIgniter->handleRequest(NULL, Object(Config\Cache), false)
#8 C:\Users\Alwi Fachri\Downloads\Compressed\login-register-CodeIgniter4-master\public\index.php(45): CodeIgniter\CodeIgniter->run()
#9 C:\Users\Alwi Fachri\Downloads\Compressed\login-register-CodeIgniter4-master\system\Commands\Server\rewrite.php(34): require_once('C:\\Users\\Alwi F...')
#10 {main}
CRITICAL - 2023-01-21 05:36:27 --> Array to string conversion
#0 C:\Users\Alwi Fachri\Downloads\Compressed\login-register-CodeIgniter4-master\app\Controllers\Orders.php(29): CodeIgniter\Debug\Exceptions->errorHandler(8, 'Array to string...', 'C:\\Users\\Alwi F...', 29, Array)
#1 C:\Users\Alwi Fachri\Downloads\Compressed\login-register-CodeIgniter4-master\system\CodeIgniter.php(918): App\Controllers\Orders->index()
#2 C:\Users\Alwi Fachri\Downloads\Compressed\login-register-CodeIgniter4-master\system\CodeIgniter.php(404): CodeIgniter\CodeIgniter->runController(Object(App\Controllers\Orders))
#3 C:\Users\Alwi Fachri\Downloads\Compressed\login-register-CodeIgniter4-master\system\CodeIgniter.php(312): CodeIgniter\CodeIgniter->handleRequest(NULL, Object(Config\Cache), false)
#4 C:\Users\Alwi Fachri\Downloads\Compressed\login-register-CodeIgniter4-master\public\index.php(45): CodeIgniter\CodeIgniter->run()
#5 C:\Users\Alwi Fachri\Downloads\Compressed\login-register-CodeIgniter4-master\system\Commands\Server\rewrite.php(34): require_once('C:\\Users\\Alwi F...')
#6 {main}
CRITICAL - 2023-01-21 05:42:01 --> Cannot use object of type stdClass as array
#0 C:\Users\Alwi Fachri\Downloads\Compressed\login-register-CodeIgniter4-master\system\CodeIgniter.php(918): App\Controllers\Orders->index()
#1 C:\Users\Alwi Fachri\Downloads\Compressed\login-register-CodeIgniter4-master\system\CodeIgniter.php(404): CodeIgniter\CodeIgniter->runController(Object(App\Controllers\Orders))
#2 C:\Users\Alwi Fachri\Downloads\Compressed\login-register-CodeIgniter4-master\system\CodeIgniter.php(312): CodeIgniter\CodeIgniter->handleRequest(NULL, Object(Config\Cache), false)
#3 C:\Users\Alwi Fachri\Downloads\Compressed\login-register-CodeIgniter4-master\public\index.php(45): CodeIgniter\CodeIgniter->run()
#4 C:\Users\Alwi Fachri\Downloads\Compressed\login-register-CodeIgniter4-master\system\Commands\Server\rewrite.php(34): require_once('C:\\Users\\Alwi F...')
#5 {main}
CRITICAL - 2023-01-21 05:46:57 --> Object of class CodeIgniter\Database\MySQLi\Result could not be converted to string
#0 C:\Users\Alwi Fachri\Downloads\Compressed\login-register-CodeIgniter4-master\system\CodeIgniter.php(918): App\Controllers\Orders->index()
#1 C:\Users\Alwi Fachri\Downloads\Compressed\login-register-CodeIgniter4-master\system\CodeIgniter.php(404): CodeIgniter\CodeIgniter->runController(Object(App\Controllers\Orders))
#2 C:\Users\Alwi Fachri\Downloads\Compressed\login-register-CodeIgniter4-master\system\CodeIgniter.php(312): CodeIgniter\CodeIgniter->handleRequest(NULL, Object(Config\Cache), false)
#3 C:\Users\Alwi Fachri\Downloads\Compressed\login-register-CodeIgniter4-master\public\index.php(45): CodeIgniter\CodeIgniter->run()
#4 C:\Users\Alwi Fachri\Downloads\Compressed\login-register-CodeIgniter4-master\system\Commands\Server\rewrite.php(34): require_once('C:\\Users\\Alwi F...')
#5 {main}
CRITICAL - 2023-01-21 05:47:34 --> syntax error, unexpected end of file, expecting function (T_FUNCTION) or const (T_CONST)
#0 C:\Users\Alwi Fachri\Downloads\Compressed\login-register-CodeIgniter4-master\system\Autoloader\Autoloader.php(296): CodeIgniter\Autoloader\Autoloader->requireFile('C:\\Users\\Alwi F...')
#1 C:\Users\Alwi Fachri\Downloads\Compressed\login-register-CodeIgniter4-master\system\Autoloader\Autoloader.php(258): CodeIgniter\Autoloader\Autoloader->loadInNamespace('App\\Controllers...')
#2 [internal function]: CodeIgniter\Autoloader\Autoloader->loadClass('App\\Controllers...')
#3 [internal function]: spl_autoload_call('App\\Controllers...')
#4 C:\Users\Alwi Fachri\Downloads\Compressed\login-register-CodeIgniter4-master\system\CodeIgniter.php(869): class_exists('\\App\\Controller...', true)
#5 C:\Users\Alwi Fachri\Downloads\Compressed\login-register-CodeIgniter4-master\system\CodeIgniter.php(394): CodeIgniter\CodeIgniter->startController()
#6 C:\Users\Alwi Fachri\Downloads\Compressed\login-register-CodeIgniter4-master\system\CodeIgniter.php(312): CodeIgniter\CodeIgniter->handleRequest(NULL, Object(Config\Cache), false)
#7 C:\Users\Alwi Fachri\Downloads\Compressed\login-register-CodeIgniter4-master\public\index.php(45): CodeIgniter\CodeIgniter->run()
#8 C:\Users\Alwi Fachri\Downloads\Compressed\login-register-CodeIgniter4-master\system\Commands\Server\rewrite.php(34): require_once('C:\\Users\\Alwi F...')
#9 {main}
CRITICAL - 2023-01-21 05:47:38 --> syntax error, unexpected end of file, expecting function (T_FUNCTION) or const (T_CONST)
#0 C:\Users\Alwi Fachri\Downloads\Compressed\login-register-CodeIgniter4-master\system\Autoloader\Autoloader.php(296): CodeIgniter\Autoloader\Autoloader->requireFile('C:\\Users\\Alwi F...')
#1 C:\Users\Alwi Fachri\Downloads\Compressed\login-register-CodeIgniter4-master\system\Autoloader\Autoloader.php(258): CodeIgniter\Autoloader\Autoloader->loadInNamespace('App\\Controllers...')
#2 [internal function]: CodeIgniter\Autoloader\Autoloader->loadClass('App\\Controllers...')
#3 [internal function]: spl_autoload_call('App\\Controllers...')
#4 C:\Users\Alwi Fachri\Downloads\Compressed\login-register-CodeIgniter4-master\system\CodeIgniter.php(869): class_exists('\\App\\Controller...', true)
#5 C:\Users\Alwi Fachri\Downloads\Compressed\login-register-CodeIgniter4-master\system\CodeIgniter.php(394): CodeIgniter\CodeIgniter->startController()
#6 C:\Users\Alwi Fachri\Downloads\Compressed\login-register-CodeIgniter4-master\system\CodeIgniter.php(312): CodeIgniter\CodeIgniter->handleRequest(NULL, Object(Config\Cache), false)
#7 C:\Users\Alwi Fachri\Downloads\Compressed\login-register-CodeIgniter4-master\public\index.php(45): CodeIgniter\CodeIgniter->run()
#8 C:\Users\Alwi Fachri\Downloads\Compressed\login-register-CodeIgniter4-master\system\Commands\Server\rewrite.php(34): require_once('C:\\Users\\Alwi F...')
#9 {main}
CRITICAL - 2023-01-21 05:47:39 --> syntax error, unexpected end of file, expecting function (T_FUNCTION) or const (T_CONST)
#0 C:\Users\Alwi Fachri\Downloads\Compressed\login-register-CodeIgniter4-master\system\Autoloader\Autoloader.php(296): CodeIgniter\Autoloader\Autoloader->requireFile('C:\\Users\\Alwi F...')
#1 C:\Users\Alwi Fachri\Downloads\Compressed\login-register-CodeIgniter4-master\system\Autoloader\Autoloader.php(258): CodeIgniter\Autoloader\Autoloader->loadInNamespace('App\\Controllers...')
#2 [internal function]: CodeIgniter\Autoloader\Autoloader->loadClass('App\\Controllers...')
#3 [internal function]: spl_autoload_call('App\\Controllers...')
#4 C:\Users\Alwi Fachri\Downloads\Compressed\login-register-CodeIgniter4-master\system\CodeIgniter.php(869): class_exists('\\App\\Controller...', true)
#5 C:\Users\Alwi Fachri\Downloads\Compressed\login-register-CodeIgniter4-master\system\CodeIgniter.php(394): CodeIgniter\CodeIgniter->startController()
#6 C:\Users\Alwi Fachri\Downloads\Compressed\login-register-CodeIgniter4-master\system\CodeIgniter.php(312): CodeIgniter\CodeIgniter->handleRequest(NULL, Object(Config\Cache), false)
#7 C:\Users\Alwi Fachri\Downloads\Compressed\login-register-CodeIgniter4-master\public\index.php(45): CodeIgniter\CodeIgniter->run()
#8 C:\Users\Alwi Fachri\Downloads\Compressed\login-register-CodeIgniter4-master\system\Commands\Server\rewrite.php(34): require_once('C:\\Users\\Alwi F...')
#9 {main}
CRITICAL - 2023-01-21 05:47:40 --> syntax error, unexpected end of file, expecting function (T_FUNCTION) or const (T_CONST)
#0 C:\Users\Alwi Fachri\Downloads\Compressed\login-register-CodeIgniter4-master\system\Autoloader\Autoloader.php(296): CodeIgniter\Autoloader\Autoloader->requireFile('C:\\Users\\Alwi F...')
#1 C:\Users\Alwi Fachri\Downloads\Compressed\login-register-CodeIgniter4-master\system\Autoloader\Autoloader.php(258): CodeIgniter\Autoloader\Autoloader->loadInNamespace('App\\Controllers...')
#2 [internal function]: CodeIgniter\Autoloader\Autoloader->loadClass('App\\Controllers...')
#3 [internal function]: spl_autoload_call('App\\Controllers...')
#4 C:\Users\Alwi Fachri\Downloads\Compressed\login-register-CodeIgniter4-master\system\CodeIgniter.php(869): class_exists('\\App\\Controller...', true)
#5 C:\Users\Alwi Fachri\Downloads\Compressed\login-register-CodeIgniter4-master\system\CodeIgniter.php(394): CodeIgniter\CodeIgniter->startController()
#6 C:\Users\Alwi Fachri\Downloads\Compressed\login-register-CodeIgniter4-master\system\CodeIgniter.php(312): CodeIgniter\CodeIgniter->handleRequest(NULL, Object(Config\Cache), false)
#7 C:\Users\Alwi Fachri\Downloads\Compressed\login-register-CodeIgniter4-master\public\index.php(45): CodeIgniter\CodeIgniter->run()
#8 C:\Users\Alwi Fachri\Downloads\Compressed\login-register-CodeIgniter4-master\system\Commands\Server\rewrite.php(34): require_once('C:\\Users\\Alwi F...')
#9 {main}
CRITICAL - 2023-01-21 05:47:40 --> syntax error, unexpected end of file, expecting function (T_FUNCTION) or const (T_CONST)
#0 C:\Users\Alwi Fachri\Downloads\Compressed\login-register-CodeIgniter4-master\system\Autoloader\Autoloader.php(296): CodeIgniter\Autoloader\Autoloader->requireFile('C:\\Users\\Alwi F...')
#1 C:\Users\Alwi Fachri\Downloads\Compressed\login-register-CodeIgniter4-master\system\Autoloader\Autoloader.php(258): CodeIgniter\Autoloader\Autoloader->loadInNamespace('App\\Controllers...')
#2 [internal function]: CodeIgniter\Autoloader\Autoloader->loadClass('App\\Controllers...')
#3 [internal function]: spl_autoload_call('App\\Controllers...')
#4 C:\Users\Alwi Fachri\Downloads\Compressed\login-register-CodeIgniter4-master\system\CodeIgniter.php(869): class_exists('\\App\\Controller...', true)
#5 C:\Users\Alwi Fachri\Downloads\Compressed\login-register-CodeIgniter4-master\system\CodeIgniter.php(394): CodeIgniter\CodeIgniter->startController()
#6 C:\Users\Alwi Fachri\Downloads\Compressed\login-register-CodeIgniter4-master\system\CodeIgniter.php(312): CodeIgniter\CodeIgniter->handleRequest(NULL, Object(Config\Cache), false)
#7 C:\Users\Alwi Fachri\Downloads\Compressed\login-register-CodeIgniter4-master\public\index.php(45): CodeIgniter\CodeIgniter->run()
#8 C:\Users\Alwi Fachri\Downloads\Compressed\login-register-CodeIgniter4-master\system\Commands\Server\rewrite.php(34): require_once('C:\\Users\\Alwi F...')
#9 {main}
CRITICAL - 2023-01-21 05:47:41 --> syntax error, unexpected end of file, expecting function (T_FUNCTION) or const (T_CONST)
#0 C:\Users\Alwi Fachri\Downloads\Compressed\login-register-CodeIgniter4-master\system\Autoloader\Autoloader.php(296): CodeIgniter\Autoloader\Autoloader->requireFile('C:\\Users\\Alwi F...')
#1 C:\Users\Alwi Fachri\Downloads\Compressed\login-register-CodeIgniter4-master\system\Autoloader\Autoloader.php(258): CodeIgniter\Autoloader\Autoloader->loadInNamespace('App\\Controllers...')
#2 [internal function]: CodeIgniter\Autoloader\Autoloader->loadClass('App\\Controllers...')
#3 [internal function]: spl_autoload_call('App\\Controllers...')
#4 C:\Users\Alwi Fachri\Downloads\Compressed\login-register-CodeIgniter4-master\system\CodeIgniter.php(869): class_exists('\\App\\Controller...', true)
#5 C:\Users\Alwi Fachri\Downloads\Compressed\login-register-CodeIgniter4-master\system\CodeIgniter.php(394): CodeIgniter\CodeIgniter->startController()
#6 C:\Users\Alwi Fachri\Downloads\Compressed\login-register-CodeIgniter4-master\system\CodeIgniter.php(312): CodeIgniter\CodeIgniter->handleRequest(NULL, Object(Config\Cache), false)
#7 C:\Users\Alwi Fachri\Downloads\Compressed\login-register-CodeIgniter4-master\public\index.php(45): CodeIgniter\CodeIgniter->run()
#8 C:\Users\Alwi Fachri\Downloads\Compressed\login-register-CodeIgniter4-master\system\Commands\Server\rewrite.php(34): require_once('C:\\Users\\Alwi F...')
#9 {main}
CRITICAL - 2023-01-21 05:47:42 --> syntax error, unexpected end of file, expecting function (T_FUNCTION) or const (T_CONST)
#0 C:\Users\Alwi Fachri\Downloads\Compressed\login-register-CodeIgniter4-master\system\Autoloader\Autoloader.php(296): CodeIgniter\Autoloader\Autoloader->requireFile('C:\\Users\\Alwi F...')
#1 C:\Users\Alwi Fachri\Downloads\Compressed\login-register-CodeIgniter4-master\system\Autoloader\Autoloader.php(258): CodeIgniter\Autoloader\Autoloader->loadInNamespace('App\\Controllers...')
#2 [internal function]: CodeIgniter\Autoloader\Autoloader->loadClass('App\\Controllers...')
#3 [internal function]: spl_autoload_call('App\\Controllers...')
#4 C:\Users\Alwi Fachri\Downloads\Compressed\login-register-CodeIgniter4-master\system\CodeIgniter.php(869): class_exists('\\App\\Controller...', true)
#5 C:\Users\Alwi Fachri\Downloads\Compressed\login-register-CodeIgniter4-master\system\CodeIgniter.php(394): CodeIgniter\CodeIgniter->startController()
#6 C:\Users\Alwi Fachri\Downloads\Compressed\login-register-CodeIgniter4-master\system\CodeIgniter.php(312): CodeIgniter\CodeIgniter->handleRequest(NULL, Object(Config\Cache), false)
#7 C:\Users\Alwi Fachri\Downloads\Compressed\login-register-CodeIgniter4-master\public\index.php(45): CodeIgniter\CodeIgniter->run()
#8 C:\Users\Alwi Fachri\Downloads\Compressed\login-register-CodeIgniter4-master\system\Commands\Server\rewrite.php(34): require_once('C:\\Users\\Alwi F...')
#9 {main}
CRITICAL - 2023-01-21 05:47:43 --> syntax error, unexpected end of file, expecting function (T_FUNCTION) or const (T_CONST)
#0 C:\Users\Alwi Fachri\Downloads\Compressed\login-register-CodeIgniter4-master\system\Autoloader\Autoloader.php(296): CodeIgniter\Autoloader\Autoloader->requireFile('C:\\Users\\Alwi F...')
#1 C:\Users\Alwi Fachri\Downloads\Compressed\login-register-CodeIgniter4-master\system\Autoloader\Autoloader.php(258): CodeIgniter\Autoloader\Autoloader->loadInNamespace('App\\Controllers...')
#2 [internal function]: CodeIgniter\Autoloader\Autoloader->loadClass('App\\Controllers...')
#3 [internal function]: spl_autoload_call('App\\Controllers...')
#4 C:\Users\Alwi Fachri\Downloads\Compressed\login-register-CodeIgniter4-master\system\CodeIgniter.php(869): class_exists('\\App\\Controller...', true)
#5 C:\Users\Alwi Fachri\Downloads\Compressed\login-register-CodeIgniter4-master\system\CodeIgniter.php(394): CodeIgniter\CodeIgniter->startController()
#6 C:\Users\Alwi Fachri\Downloads\Compressed\login-register-CodeIgniter4-master\system\CodeIgniter.php(312): CodeIgniter\CodeIgniter->handleRequest(NULL, Object(Config\Cache), false)
#7 C:\Users\Alwi Fachri\Downloads\Compressed\login-register-CodeIgniter4-master\public\index.php(45): CodeIgniter\CodeIgniter->run()
#8 C:\Users\Alwi Fachri\Downloads\Compressed\login-register-CodeIgniter4-master\system\Commands\Server\rewrite.php(34): require_once('C:\\Users\\Alwi F...')
#9 {main}
CRITICAL - 2023-01-21 05:51:28 --> Undefined property: stdClass::$product_name
#0 C:\Users\Alwi Fachri\Downloads\Compressed\login-register-CodeIgniter4-master\app\Controllers\Orders.php(29): CodeIgniter\Debug\Exceptions->errorHandler(8, 'Undefined prope...', 'C:\\Users\\Alwi F...', 29, Array)
#1 C:\Users\Alwi Fachri\Downloads\Compressed\login-register-CodeIgniter4-master\system\CodeIgniter.php(918): App\Controllers\Orders->index()
#2 C:\Users\Alwi Fachri\Downloads\Compressed\login-register-CodeIgniter4-master\system\CodeIgniter.php(404): CodeIgniter\CodeIgniter->runController(Object(App\Controllers\Orders))
#3 C:\Users\Alwi Fachri\Downloads\Compressed\login-register-CodeIgniter4-master\system\CodeIgniter.php(312): CodeIgniter\CodeIgniter->handleRequest(NULL, Object(Config\Cache), false)
#4 C:\Users\Alwi Fachri\Downloads\Compressed\login-register-CodeIgniter4-master\public\index.php(45): CodeIgniter\CodeIgniter->run()
#5 C:\Users\Alwi Fachri\Downloads\Compressed\login-register-CodeIgniter4-master\system\Commands\Server\rewrite.php(34): require_once('C:\\Users\\Alwi F...')
#6 {main}
CRITICAL - 2023-01-21 05:52:20 --> Undefined property: stdClass::$product_name
#0 C:\Users\Alwi Fachri\Downloads\Compressed\login-register-CodeIgniter4-master\app\Controllers\Orders.php(29): CodeIgniter\Debug\Exceptions->errorHandler(8, 'Undefined prope...', 'C:\\Users\\Alwi F...', 29, Array)
#1 C:\Users\Alwi Fachri\Downloads\Compressed\login-register-CodeIgniter4-master\system\CodeIgniter.php(918): App\Controllers\Orders->index()
#2 C:\Users\Alwi Fachri\Downloads\Compressed\login-register-CodeIgniter4-master\system\CodeIgniter.php(404): CodeIgniter\CodeIgniter->runController(Object(App\Controllers\Orders))
#3 C:\Users\Alwi Fachri\Downloads\Compressed\login-register-CodeIgniter4-master\system\CodeIgniter.php(312): CodeIgniter\CodeIgniter->handleRequest(NULL, Object(Config\Cache), false)
#4 C:\Users\Alwi Fachri\Downloads\Compressed\login-register-CodeIgniter4-master\public\index.php(45): CodeIgniter\CodeIgniter->run()
#5 C:\Users\Alwi Fachri\Downloads\Compressed\login-register-CodeIgniter4-master\system\Commands\Server\rewrite.php(34): require_once('C:\\Users\\Alwi F...')
#6 {main}
CRITICAL - 2023-01-21 05:52:27 --> Unknown column 'user_name' in 'field list'
#0 C:\Users\Alwi Fachri\Downloads\Compressed\login-register-CodeIgniter4-master\system\Database\MySQLi\Connection.php(331): mysqli->query('SELECT `user_na...')
#1 C:\Users\Alwi Fachri\Downloads\Compressed\login-register-CodeIgniter4-master\system\Database\BaseConnection.php(741): CodeIgniter\Database\MySQLi\Connection->execute('SELECT `user_na...')
#2 C:\Users\Alwi Fachri\Downloads\Compressed\login-register-CodeIgniter4-master\system\Database\BaseConnection.php(669): CodeIgniter\Database\BaseConnection->simpleQuery('SELECT `user_na...')
#3 C:\Users\Alwi Fachri\Downloads\Compressed\login-register-CodeIgniter4-master\system\Database\BaseBuilder.php(1860): CodeIgniter\Database\BaseConnection->query('SELECT `user_na...', Array, false)
#4 C:\Users\Alwi Fachri\Downloads\Compressed\login-register-CodeIgniter4-master\app\Controllers\Orders.php(26): CodeIgniter\Database\BaseBuilder->get()
#5 C:\Users\Alwi Fachri\Downloads\Compressed\login-register-CodeIgniter4-master\system\CodeIgniter.php(918): App\Controllers\Orders->index()
#6 C:\Users\Alwi Fachri\Downloads\Compressed\login-register-CodeIgniter4-master\system\CodeIgniter.php(404): CodeIgniter\CodeIgniter->runController(Object(App\Controllers\Orders))
#7 C:\Users\Alwi Fachri\Downloads\Compressed\login-register-CodeIgniter4-master\system\CodeIgniter.php(312): CodeIgniter\CodeIgniter->handleRequest(NULL, Object(Config\Cache), false)
#8 C:\Users\Alwi Fachri\Downloads\Compressed\login-register-CodeIgniter4-master\public\index.php(45): CodeIgniter\CodeIgniter->run()
#9 C:\Users\Alwi Fachri\Downloads\Compressed\login-register-CodeIgniter4-master\system\Commands\Server\rewrite.php(34): require_once('C:\\Users\\Alwi F...')
#10 {main}
CRITICAL - 2023-01-21 05:55:22 --> Class 'user_name' not found
#0 C:\Users\Alwi Fachri\Downloads\Compressed\login-register-CodeIgniter4-master\system\Database\BaseResult.php(142): CodeIgniter\Database\BaseResult->getCustomResultObject('user_name')
#1 C:\Users\Alwi Fachri\Downloads\Compressed\login-register-CodeIgniter4-master\app\Views\orders.php(143): CodeIgniter\Database\BaseResult->getResult('user_name')
#2 C:\Users\Alwi Fachri\Downloads\Compressed\login-register-CodeIgniter4-master\system\View\View.php(246): include('C:\\Users\\Alwi F...')
#3 C:\Users\Alwi Fachri\Downloads\Compressed\login-register-CodeIgniter4-master\system\Common.php(1119): CodeIgniter\View\View->render('orders', Array, true)
#4 C:\Users\Alwi Fachri\Downloads\Compressed\login-register-CodeIgniter4-master\app\Controllers\Orders.php(39): view('orders', Array)
#5 C:\Users\Alwi Fachri\Downloads\Compressed\login-register-CodeIgniter4-master\system\CodeIgniter.php(918): App\Controllers\Orders->index()
#6 C:\Users\Alwi Fachri\Downloads\Compressed\login-register-CodeIgniter4-master\system\CodeIgniter.php(404): CodeIgniter\CodeIgniter->runController(Object(App\Controllers\Orders))
#7 C:\Users\Alwi Fachri\Downloads\Compressed\login-register-CodeIgniter4-master\system\CodeIgniter.php(312): CodeIgniter\CodeIgniter->handleRequest(NULL, Object(Config\Cache), false)
#8 C:\Users\Alwi Fachri\Downloads\Compressed\login-register-CodeIgniter4-master\public\index.php(45): CodeIgniter\CodeIgniter->run()
#9 C:\Users\Alwi Fachri\Downloads\Compressed\login-register-CodeIgniter4-master\system\Commands\Server\rewrite.php(34): require_once('C:\\Users\\Alwi F...')
#10 {main}
CRITICAL - 2023-01-21 05:55:52 --> Use of undefined constant user_name - assumed 'user_name' (this will throw an Error in a future version of PHP)
#0 C:\Users\Alwi Fachri\Downloads\Compressed\login-register-CodeIgniter4-master\app\Views\orders.php(143): CodeIgniter\Debug\Exceptions->errorHandler(2, 'Use of undefine...', 'C:\\Users\\Alwi F...', 143, Array)
#1 C:\Users\Alwi Fachri\Downloads\Compressed\login-register-CodeIgniter4-master\system\View\View.php(246): include('C:\\Users\\Alwi F...')
#2 C:\Users\Alwi Fachri\Downloads\Compressed\login-register-CodeIgniter4-master\system\Common.php(1119): CodeIgniter\View\View->render('orders', Array, true)
#3 C:\Users\Alwi Fachri\Downloads\Compressed\login-register-CodeIgniter4-master\app\Controllers\Orders.php(39): view('orders', Array)
#4 C:\Users\Alwi Fachri\Downloads\Compressed\login-register-CodeIgniter4-master\system\CodeIgniter.php(918): App\Controllers\Orders->index()
#5 C:\Users\Alwi Fachri\Downloads\Compressed\login-register-CodeIgniter4-master\system\CodeIgniter.php(404): CodeIgniter\CodeIgniter->runController(Object(App\Controllers\Orders))
#6 C:\Users\Alwi Fachri\Downloads\Compressed\login-register-CodeIgniter4-master\system\CodeIgniter.php(312): CodeIgniter\CodeIgniter->handleRequest(NULL, Object(Config\Cache), false)
#7 C:\Users\Alwi Fachri\Downloads\Compressed\login-register-CodeIgniter4-master\public\index.php(45): CodeIgniter\CodeIgniter->run()
#8 C:\Users\Alwi Fachri\Downloads\Compressed\login-register-CodeIgniter4-master\system\Commands\Server\rewrite.php(34): require_once('C:\\Users\\Alwi F...')
#9 {main}
CRITICAL - 2023-01-21 05:56:01 --> Array to string conversion
#0 C:\Users\Alwi Fachri\Downloads\Compressed\login-register-CodeIgniter4-master\app\Views\orders.php(143): CodeIgniter\Debug\Exceptions->errorHandler(8, 'Array to string...', 'C:\\Users\\Alwi F...', 143, Array)
#1 C:\Users\Alwi Fachri\Downloads\Compressed\login-register-CodeIgniter4-master\system\View\View.php(246): include('C:\\Users\\Alwi F...')
#2 C:\Users\Alwi Fachri\Downloads\Compressed\login-register-CodeIgniter4-master\system\Common.php(1119): CodeIgniter\View\View->render('orders', Array, true)
#3 C:\Users\Alwi Fachri\Downloads\Compressed\login-register-CodeIgniter4-master\app\Controllers\Orders.php(39): view('orders', Array)
#4 C:\Users\Alwi Fachri\Downloads\Compressed\login-register-CodeIgniter4-master\system\CodeIgniter.php(918): App\Controllers\Orders->index()
#5 C:\Users\Alwi Fachri\Downloads\Compressed\login-register-CodeIgniter4-master\system\CodeIgniter.php(404): CodeIgniter\CodeIgniter->runController(Object(App\Controllers\Orders))
#6 C:\Users\Alwi Fachri\Downloads\Compressed\login-register-CodeIgniter4-master\system\CodeIgniter.php(312): CodeIgniter\CodeIgniter->handleRequest(NULL, Object(Config\Cache), false)
#7 C:\Users\Alwi Fachri\Downloads\Compressed\login-register-CodeIgniter4-master\public\index.php(45): CodeIgniter\CodeIgniter->run()
#8 C:\Users\Alwi Fachri\Downloads\Compressed\login-register-CodeIgniter4-master\system\Commands\Server\rewrite.php(34): require_once('C:\\Users\\Alwi F...')
#9 {main}
CRITICAL - 2023-01-21 05:58:00 --> syntax error, unexpected 'foreach' (T_FOREACH)
#0 C:\Users\Alwi Fachri\Downloads\Compressed\login-register-CodeIgniter4-master\system\Common.php(1119): CodeIgniter\View\View->render('orders', Array, true)
#1 C:\Users\Alwi Fachri\Downloads\Compressed\login-register-CodeIgniter4-master\app\Controllers\Orders.php(39): view('orders', Array)
#2 C:\Users\Alwi Fachri\Downloads\Compressed\login-register-CodeIgniter4-master\system\CodeIgniter.php(918): App\Controllers\Orders->index()
#3 C:\Users\Alwi Fachri\Downloads\Compressed\login-register-CodeIgniter4-master\system\CodeIgniter.php(404): CodeIgniter\CodeIgniter->runController(Object(App\Controllers\Orders))
#4 C:\Users\Alwi Fachri\Downloads\Compressed\login-register-CodeIgniter4-master\system\CodeIgniter.php(312): CodeIgniter\CodeIgniter->handleRequest(NULL, Object(Config\Cache), false)
#5 C:\Users\Alwi Fachri\Downloads\Compressed\login-register-CodeIgniter4-master\public\index.php(45): CodeIgniter\CodeIgniter->run()
#6 C:\Users\Alwi Fachri\Downloads\Compressed\login-register-CodeIgniter4-master\system\Commands\Server\rewrite.php(34): require_once('C:\\Users\\Alwi F...')
#7 {main}
CRITICAL - 2023-01-21 06:03:29 --> Trying to get property 'user_name' of non-object
#0 C:\Users\Alwi Fachri\Downloads\Compressed\login-register-CodeIgniter4-master\app\Views\orders.php(143): CodeIgniter\Debug\Exceptions->errorHandler(8, 'Trying to get p...', 'C:\\Users\\Alwi F...', 143, Array)
#1 C:\Users\Alwi Fachri\Downloads\Compressed\login-register-CodeIgniter4-master\system\View\View.php(246): include('C:\\Users\\Alwi F...')
#2 C:\Users\Alwi Fachri\Downloads\Compressed\login-register-CodeIgniter4-master\system\Common.php(1119): CodeIgniter\View\View->render('orders', Array, true)
#3 C:\Users\Alwi Fachri\Downloads\Compressed\login-register-CodeIgniter4-master\app\Controllers\Orders.php(35): view('orders', Array)
#4 C:\Users\Alwi Fachri\Downloads\Compressed\login-register-CodeIgniter4-master\system\CodeIgniter.php(918): App\Controllers\Orders->index()
#5 C:\Users\Alwi Fachri\Downloads\Compressed\login-register-CodeIgniter4-master\system\CodeIgniter.php(404): CodeIgniter\CodeIgniter->runController(Object(App\Controllers\Orders))
#6 C:\Users\Alwi Fachri\Downloads\Compressed\login-register-CodeIgniter4-master\system\CodeIgniter.php(312): CodeIgniter\CodeIgniter->handleRequest(NULL, Object(Config\Cache), false)
#7 C:\Users\Alwi Fachri\Downloads\Compressed\login-register-CodeIgniter4-master\public\index.php(45): CodeIgniter\CodeIgniter->run()
#8 C:\Users\Alwi Fachri\Downloads\Compressed\login-register-CodeIgniter4-master\system\Commands\Server\rewrite.php(34): require_once('C:\\Users\\Alwi F...')
#9 {main}
CRITICAL - 2023-01-21 06:03:37 --> Trying to get property 'user_name' of non-object
#0 C:\Users\Alwi Fachri\Downloads\Compressed\login-register-CodeIgniter4-master\app\Views\orders.php(143): CodeIgniter\Debug\Exceptions->errorHandler(8, 'Trying to get p...', 'C:\\Users\\Alwi F...', 143, Array)
#1 C:\Users\Alwi Fachri\Downloads\Compressed\login-register-CodeIgniter4-master\system\View\View.php(246): include('C:\\Users\\Alwi F...')
#2 C:\Users\Alwi Fachri\Downloads\Compressed\login-register-CodeIgniter4-master\system\Common.php(1119): CodeIgniter\View\View->render('orders', Array, true)
#3 C:\Users\Alwi Fachri\Downloads\Compressed\login-register-CodeIgniter4-master\app\Controllers\Orders.php(35): view('orders', Array)
#4 C:\Users\Alwi Fachri\Downloads\Compressed\login-register-CodeIgniter4-master\system\CodeIgniter.php(918): App\Controllers\Orders->index()
#5 C:\Users\Alwi Fachri\Downloads\Compressed\login-register-CodeIgniter4-master\system\CodeIgniter.php(404): CodeIgniter\CodeIgniter->runController(Object(App\Controllers\Orders))
#6 C:\Users\Alwi Fachri\Downloads\Compressed\login-register-CodeIgniter4-master\system\CodeIgniter.php(312): CodeIgniter\CodeIgniter->handleRequest(NULL, Object(Config\Cache), false)
#7 C:\Users\Alwi Fachri\Downloads\Compressed\login-register-CodeIgniter4-master\public\index.php(45): CodeIgniter\CodeIgniter->run()
#8 C:\Users\Alwi Fachri\Downloads\Compressed\login-register-CodeIgniter4-master\system\Commands\Server\rewrite.php(34): require_once('C:\\Users\\Alwi F...')
#9 {main}
