CRITICAL - 2022-12-28 11:16:18 --> Call to undefined function set_value()
#0 C:\Users\Alwi Fachri\Downloads\Compressed\login-register-CodeIgniter4-master\system\View\View.php(246): include()
#1 C:\Users\Alwi Fachri\Downloads\Compressed\login-register-CodeIgniter4-master\system\Common.php(1119): CodeIgniter\View\View->render('profile', Array, true)
#2 C:\Users\Alwi Fachri\Downloads\Compressed\login-register-CodeIgniter4-master\app\Controllers\Profile.php(15): view('profile')
#3 C:\Users\Alwi Fachri\Downloads\Compressed\login-register-CodeIgniter4-master\system\CodeIgniter.php(918): App\Controllers\Profile->index()
#4 C:\Users\Alwi Fachri\Downloads\Compressed\login-register-CodeIgniter4-master\system\CodeIgniter.php(404): CodeIgniter\CodeIgniter->runController(Object(App\Controllers\Profile))
#5 C:\Users\Alwi Fachri\Downloads\Compressed\login-register-CodeIgniter4-master\system\CodeIgniter.php(312): CodeIgniter\CodeIgniter->handleRequest(NULL, Object(Config\Cache), false)
#6 C:\Users\Alwi Fachri\Downloads\Compressed\login-register-CodeIgniter4-master\public\index.php(45): CodeIgniter\CodeIgniter->run()
#7 C:\Users\Alwi Fachri\Downloads\Compressed\login-register-CodeIgniter4-master\system\Commands\Server\rewrite.php(34): require_once('C:\\Users\\Alwi F...')
#8 {main}
CRITICAL - 2022-12-28 11:16:40 --> Call to undefined function set_value()
#0 C:\Users\Alwi Fachri\Downloads\Compressed\login-register-CodeIgniter4-master\system\View\View.php(246): include()
#1 C:\Users\Alwi Fachri\Downloads\Compressed\login-register-CodeIgniter4-master\system\Common.php(1119): CodeIgniter\View\View->render('profile', Array, true)
#2 C:\Users\Alwi Fachri\Downloads\Compressed\login-register-CodeIgniter4-master\app\Controllers\Profile.php(15): view('profile')
#3 C:\Users\Alwi Fachri\Downloads\Compressed\login-register-CodeIgniter4-master\system\CodeIgniter.php(918): App\Controllers\Profile->index()
#4 C:\Users\Alwi Fachri\Downloads\Compressed\login-register-CodeIgniter4-master\system\CodeIgniter.php(404): CodeIgniter\CodeIgniter->runController(Object(App\Controllers\Profile))
#5 C:\Users\Alwi Fachri\Downloads\Compressed\login-register-CodeIgniter4-master\system\CodeIgniter.php(312): CodeIgniter\CodeIgniter->handleRequest(NULL, Object(Config\Cache), false)
#6 C:\Users\Alwi Fachri\Downloads\Compressed\login-register-CodeIgniter4-master\public\index.php(45): CodeIgniter\CodeIgniter->run()
#7 C:\Users\Alwi Fachri\Downloads\Compressed\login-register-CodeIgniter4-master\system\Commands\Server\rewrite.php(34): require_once('C:\\Users\\Alwi F...')
#8 {main}
CRITICAL - 2022-12-28 11:16:41 --> Call to undefined function set_value()
#0 C:\Users\Alwi Fachri\Downloads\Compressed\login-register-CodeIgniter4-master\system\View\View.php(246): include()
#1 C:\Users\Alwi Fachri\Downloads\Compressed\login-register-CodeIgniter4-master\system\Common.php(1119): CodeIgniter\View\View->render('profile', Array, true)
#2 C:\Users\Alwi Fachri\Downloads\Compressed\login-register-CodeIgniter4-master\app\Controllers\Profile.php(15): view('profile')
#3 C:\Users\Alwi Fachri\Downloads\Compressed\login-register-CodeIgniter4-master\system\CodeIgniter.php(918): App\Controllers\Profile->index()
#4 C:\Users\Alwi Fachri\Downloads\Compressed\login-register-CodeIgniter4-master\system\CodeIgniter.php(404): CodeIgniter\CodeIgniter->runController(Object(App\Controllers\Profile))
#5 C:\Users\Alwi Fachri\Downloads\Compressed\login-register-CodeIgniter4-master\system\CodeIgniter.php(312): CodeIgniter\CodeIgniter->handleRequest(NULL, Object(Config\Cache), false)
#6 C:\Users\Alwi Fachri\Downloads\Compressed\login-register-CodeIgniter4-master\public\index.php(45): CodeIgniter\CodeIgniter->run()
#7 C:\Users\Alwi Fachri\Downloads\Compressed\login-register-CodeIgniter4-master\system\Commands\Server\rewrite.php(34): require_once('C:\\Users\\Alwi F...')
#8 {main}
CRITICAL - 2022-12-28 11:16:42 --> Call to undefined function set_value()
#0 C:\Users\Alwi Fachri\Downloads\Compressed\login-register-CodeIgniter4-master\system\View\View.php(246): include()
#1 C:\Users\Alwi Fachri\Downloads\Compressed\login-register-CodeIgniter4-master\system\Common.php(1119): CodeIgniter\View\View->render('profile', Array, true)
#2 C:\Users\Alwi Fachri\Downloads\Compressed\login-register-CodeIgniter4-master\app\Controllers\Profile.php(15): view('profile')
#3 C:\Users\Alwi Fachri\Downloads\Compressed\login-register-CodeIgniter4-master\system\CodeIgniter.php(918): App\Controllers\Profile->index()
#4 C:\Users\Alwi Fachri\Downloads\Compressed\login-register-CodeIgniter4-master\system\CodeIgniter.php(404): CodeIgniter\CodeIgniter->runController(Object(App\Controllers\Profile))
#5 C:\Users\Alwi Fachri\Downloads\Compressed\login-register-CodeIgniter4-master\system\CodeIgniter.php(312): CodeIgniter\CodeIgniter->handleRequest(NULL, Object(Config\Cache), false)
#6 C:\Users\Alwi Fachri\Downloads\Compressed\login-register-CodeIgniter4-master\public\index.php(45): CodeIgniter\CodeIgniter->run()
#7 C:\Users\Alwi Fachri\Downloads\Compressed\login-register-CodeIgniter4-master\system\Commands\Server\rewrite.php(34): require_once('C:\\Users\\Alwi F...')
#8 {main}
CRITICAL - 2022-12-28 11:17:49 --> Call to undefined function set_value()
#0 C:\Users\Alwi Fachri\Downloads\Compressed\login-register-CodeIgniter4-master\system\View\View.php(246): include()
#1 C:\Users\Alwi Fachri\Downloads\Compressed\login-register-CodeIgniter4-master\system\Common.php(1119): CodeIgniter\View\View->render('profile', Array, true)
#2 C:\Users\Alwi Fachri\Downloads\Compressed\login-register-CodeIgniter4-master\app\Controllers\Profile.php(15): view('profile')
#3 C:\Users\Alwi Fachri\Downloads\Compressed\login-register-CodeIgniter4-master\system\CodeIgniter.php(918): App\Controllers\Profile->index()
#4 C:\Users\Alwi Fachri\Downloads\Compressed\login-register-CodeIgniter4-master\system\CodeIgniter.php(404): CodeIgniter\CodeIgniter->runController(Object(App\Controllers\Profile))
#5 C:\Users\Alwi Fachri\Downloads\Compressed\login-register-CodeIgniter4-master\system\CodeIgniter.php(312): CodeIgniter\CodeIgniter->handleRequest(NULL, Object(Config\Cache), false)
#6 C:\Users\Alwi Fachri\Downloads\Compressed\login-register-CodeIgniter4-master\public\index.php(45): CodeIgniter\CodeIgniter->run()
#7 C:\Users\Alwi Fachri\Downloads\Compressed\login-register-CodeIgniter4-master\system\Commands\Server\rewrite.php(34): require_once('C:\\Users\\Alwi F...')
#8 {main}
CRITICAL - 2022-12-28 11:17:50 --> Call to undefined function set_value()
#0 C:\Users\Alwi Fachri\Downloads\Compressed\login-register-CodeIgniter4-master\system\View\View.php(246): include()
#1 C:\Users\Alwi Fachri\Downloads\Compressed\login-register-CodeIgniter4-master\system\Common.php(1119): CodeIgniter\View\View->render('profile', Array, true)
#2 C:\Users\Alwi Fachri\Downloads\Compressed\login-register-CodeIgniter4-master\app\Controllers\Profile.php(15): view('profile')
#3 C:\Users\Alwi Fachri\Downloads\Compressed\login-register-CodeIgniter4-master\system\CodeIgniter.php(918): App\Controllers\Profile->index()
#4 C:\Users\Alwi Fachri\Downloads\Compressed\login-register-CodeIgniter4-master\system\CodeIgniter.php(404): CodeIgniter\CodeIgniter->runController(Object(App\Controllers\Profile))
#5 C:\Users\Alwi Fachri\Downloads\Compressed\login-register-CodeIgniter4-master\system\CodeIgniter.php(312): CodeIgniter\CodeIgniter->handleRequest(NULL, Object(Config\Cache), false)
#6 C:\Users\Alwi Fachri\Downloads\Compressed\login-register-CodeIgniter4-master\public\index.php(45): CodeIgniter\CodeIgniter->run()
#7 C:\Users\Alwi Fachri\Downloads\Compressed\login-register-CodeIgniter4-master\system\Commands\Server\rewrite.php(34): require_once('C:\\Users\\Alwi F...')
#8 {main}
CRITICAL - 2022-12-28 11:17:51 --> Call to undefined function set_value()
#0 C:\Users\Alwi Fachri\Downloads\Compressed\login-register-CodeIgniter4-master\system\View\View.php(246): include()
#1 C:\Users\Alwi Fachri\Downloads\Compressed\login-register-CodeIgniter4-master\system\Common.php(1119): CodeIgniter\View\View->render('profile', Array, true)
#2 C:\Users\Alwi Fachri\Downloads\Compressed\login-register-CodeIgniter4-master\app\Controllers\Profile.php(15): view('profile')
#3 C:\Users\Alwi Fachri\Downloads\Compressed\login-register-CodeIgniter4-master\system\CodeIgniter.php(918): App\Controllers\Profile->index()
#4 C:\Users\Alwi Fachri\Downloads\Compressed\login-register-CodeIgniter4-master\system\CodeIgniter.php(404): CodeIgniter\CodeIgniter->runController(Object(App\Controllers\Profile))
#5 C:\Users\Alwi Fachri\Downloads\Compressed\login-register-CodeIgniter4-master\system\CodeIgniter.php(312): CodeIgniter\CodeIgniter->handleRequest(NULL, Object(Config\Cache), false)
#6 C:\Users\Alwi Fachri\Downloads\Compressed\login-register-CodeIgniter4-master\public\index.php(45): CodeIgniter\CodeIgniter->run()
#7 C:\Users\Alwi Fachri\Downloads\Compressed\login-register-CodeIgniter4-master\system\Commands\Server\rewrite.php(34): require_once('C:\\Users\\Alwi F...')
#8 {main}
CRITICAL - 2022-12-28 11:18:00 --> Call to undefined function set_value()
#0 C:\Users\Alwi Fachri\Downloads\Compressed\login-register-CodeIgniter4-master\system\View\View.php(246): include()
#1 C:\Users\Alwi Fachri\Downloads\Compressed\login-register-CodeIgniter4-master\system\Common.php(1119): CodeIgniter\View\View->render('profile', Array, true)
#2 C:\Users\Alwi Fachri\Downloads\Compressed\login-register-CodeIgniter4-master\app\Controllers\Profile.php(15): view('profile')
#3 C:\Users\Alwi Fachri\Downloads\Compressed\login-register-CodeIgniter4-master\system\CodeIgniter.php(918): App\Controllers\Profile->index()
#4 C:\Users\Alwi Fachri\Downloads\Compressed\login-register-CodeIgniter4-master\system\CodeIgniter.php(404): CodeIgniter\CodeIgniter->runController(Object(App\Controllers\Profile))
#5 C:\Users\Alwi Fachri\Downloads\Compressed\login-register-CodeIgniter4-master\system\CodeIgniter.php(312): CodeIgniter\CodeIgniter->handleRequest(NULL, Object(Config\Cache), false)
#6 C:\Users\Alwi Fachri\Downloads\Compressed\login-register-CodeIgniter4-master\public\index.php(45): CodeIgniter\CodeIgniter->run()
#7 C:\Users\Alwi Fachri\Downloads\Compressed\login-register-CodeIgniter4-master\system\Commands\Server\rewrite.php(34): require_once('C:\\Users\\Alwi F...')
#8 {main}
CRITICAL - 2022-12-28 11:28:41 --> Undefined variable: session
#0 C:\Users\Alwi Fachri\Downloads\Compressed\login-register-CodeIgniter4-master\app\Views\profile.php(50): CodeIgniter\Debug\Exceptions->errorHandler(8, 'Undefined varia...', 'C:\\Users\\Alwi F...', 50, Array)
#1 C:\Users\Alwi Fachri\Downloads\Compressed\login-register-CodeIgniter4-master\system\View\View.php(246): include('C:\\Users\\Alwi F...')
#2 C:\Users\Alwi Fachri\Downloads\Compressed\login-register-CodeIgniter4-master\system\Common.php(1119): CodeIgniter\View\View->render('profile', Array, true)
#3 C:\Users\Alwi Fachri\Downloads\Compressed\login-register-CodeIgniter4-master\app\Controllers\Profile.php(15): view('profile')
#4 C:\Users\Alwi Fachri\Downloads\Compressed\login-register-CodeIgniter4-master\system\CodeIgniter.php(918): App\Controllers\Profile->index()
#5 C:\Users\Alwi Fachri\Downloads\Compressed\login-register-CodeIgniter4-master\system\CodeIgniter.php(404): CodeIgniter\CodeIgniter->runController(Object(App\Controllers\Profile))
#6 C:\Users\Alwi Fachri\Downloads\Compressed\login-register-CodeIgniter4-master\system\CodeIgniter.php(312): CodeIgniter\CodeIgniter->handleRequest(NULL, Object(Config\Cache), false)
#7 C:\Users\Alwi Fachri\Downloads\Compressed\login-register-CodeIgniter4-master\public\index.php(45): CodeIgniter\CodeIgniter->run()
#8 C:\Users\Alwi Fachri\Downloads\Compressed\login-register-CodeIgniter4-master\system\Commands\Server\rewrite.php(34): require_once('C:\\Users\\Alwi F...')
#9 {main}
CRITICAL - 2022-12-28 11:29:33 --> Undefined variable: session
#0 C:\Users\Alwi Fachri\Downloads\Compressed\login-register-CodeIgniter4-master\app\Views\profile.php(50): CodeIgniter\Debug\Exceptions->errorHandler(8, 'Undefined varia...', 'C:\\Users\\Alwi F...', 50, Array)
#1 C:\Users\Alwi Fachri\Downloads\Compressed\login-register-CodeIgniter4-master\system\View\View.php(246): include('C:\\Users\\Alwi F...')
#2 C:\Users\Alwi Fachri\Downloads\Compressed\login-register-CodeIgniter4-master\system\Common.php(1119): CodeIgniter\View\View->render('profile', Array, true)
#3 C:\Users\Alwi Fachri\Downloads\Compressed\login-register-CodeIgniter4-master\app\Controllers\Profile.php(15): view('profile')
#4 C:\Users\Alwi Fachri\Downloads\Compressed\login-register-CodeIgniter4-master\system\CodeIgniter.php(918): App\Controllers\Profile->index()
#5 C:\Users\Alwi Fachri\Downloads\Compressed\login-register-CodeIgniter4-master\system\CodeIgniter.php(404): CodeIgniter\CodeIgniter->runController(Object(App\Controllers\Profile))
#6 C:\Users\Alwi Fachri\Downloads\Compressed\login-register-CodeIgniter4-master\system\CodeIgniter.php(312): CodeIgniter\CodeIgniter->handleRequest(NULL, Object(Config\Cache), false)
#7 C:\Users\Alwi Fachri\Downloads\Compressed\login-register-CodeIgniter4-master\public\index.php(45): CodeIgniter\CodeIgniter->run()
#8 C:\Users\Alwi Fachri\Downloads\Compressed\login-register-CodeIgniter4-master\system\Commands\Server\rewrite.php(34): require_once('C:\\Users\\Alwi F...')
#9 {main}
