CRITICAL - 2022-12-20 22:17:09 --> Required parameter $from follows optional parameter $verbs
#0 C:\Users\fandi\ToastBreadNew\system\Autoloader\Autoloader.php(365): CodeIgniter\Debug\Exceptions->errorHandler(8192, 'Required parame...', 'C:\\Users\\fandi\\...', 1017)
#1 C:\Users\fandi\ToastBreadNew\system\Autoloader\Autoloader.php(365): require_once()
#2 C:\Users\fandi\ToastBreadNew\system\Autoloader\Autoloader.php(296): CodeIgniter\Autoloader\Autoloader->requireFile('C:\\Users\\fandi\\...')
#3 C:\Users\fandi\ToastBreadNew\system\Autoloader\Autoloader.php(258): CodeIgniter\Autoloader\Autoloader->loadInNamespace('CodeIgniter\\Rou...')
#4 C:\Users\fandi\ToastBreadNew\system\Config\Services.php(699): CodeIgniter\Autoloader\Autoloader->loadClass('CodeIgniter\\Rou...')
#5 C:\Users\fandi\ToastBreadNew\system\Config\BaseService.php(123): CodeIgniter\Config\Services::routes(false)
#6 C:\Users\fandi\ToastBreadNew\system\Config\Services.php(696): CodeIgniter\Config\BaseService::getSharedInstance('routes')
#7 C:\Users\fandi\ToastBreadNew\app\Config\Routes.php(6): CodeIgniter\Config\Services::routes()
#8 C:\Users\fandi\ToastBreadNew\system\CodeIgniter.php(780): require('C:\\Users\\fandi\\...')
#9 C:\Users\fandi\ToastBreadNew\system\CodeIgniter.php(364): CodeIgniter\CodeIgniter->tryToRouteIt(NULL)
#10 C:\Users\fandi\ToastBreadNew\system\CodeIgniter.php(312): CodeIgniter\CodeIgniter->handleRequest(NULL, Object(Config\Cache), false)
#11 C:\Users\fandi\ToastBreadNew\system\CLI\Console.php(86): CodeIgniter\CodeIgniter->run()
#12 C:\Users\fandi\ToastBreadNew\spark(57): CodeIgniter\CLI\Console->run()
#13 {main}
CRITICAL - 2022-12-20 23:22:08 --> Unable to connect to the database.
#0 C:\Users\fandi\ToastBreadNew\system\Database\BaseConnection.php(646): CodeIgniter\Database\BaseConnection->initialize()
#1 C:\Users\fandi\ToastBreadNew\system\Database\BaseBuilder.php(1860): CodeIgniter\Database\BaseConnection->query('SELECT 1\nFROM `...', Array, false)
#2 C:\Users\fandi\ToastBreadNew\system\Validation\Rules.php(240): CodeIgniter\Database\BaseBuilder->get()
#3 C:\Users\fandi\ToastBreadNew\system\Validation\Validation.php(325): CodeIgniter\Validation\Rules->is_unique('fandi7680@gmail...', 'user_email', Array, NULL)
#4 C:\Users\fandi\ToastBreadNew\system\Validation\Validation.php(189): CodeIgniter\Validation\Validation->processRules('email', 'email', 'fandi7680@gmail...', Array, Array)
#5 C:\Users\fandi\ToastBreadNew\system\Controller.php(219): CodeIgniter\Validation\Validation->run()
#6 C:\Users\fandi\ToastBreadNew\app\Controllers\Register.php(31): CodeIgniter\Controller->validate(Array)
#7 C:\Users\fandi\ToastBreadNew\system\CodeIgniter.php(918): App\Controllers\Register->save()
#8 C:\Users\fandi\ToastBreadNew\system\CodeIgniter.php(404): CodeIgniter\CodeIgniter->runController(Object(App\Controllers\Register))
#9 C:\Users\fandi\ToastBreadNew\system\CodeIgniter.php(312): CodeIgniter\CodeIgniter->handleRequest(NULL, Object(Config\Cache), false)
#10 C:\Users\fandi\ToastBreadNew\public\index.php(45): CodeIgniter\CodeIgniter->run()
#11 C:\Users\fandi\ToastBreadNew\system\Commands\Server\rewrite.php(34): require_once('C:\\Users\\fandi\\...')
#12 {main}
